# JRE version: Java(TM) SE Runtime Environment (8.0_40-b05) (build 1.8.0_40-ea-b05)
# Java VM: Java HotSpot(TM) 64-Bit Server VM (25.40-b09 mixed mode bsd-amd64 compressed oops)
Heap:
 PSYoungGen      total 1360896K, used 208408K [0x000000076ab00000, 0x00000007c0000000, 0x00000007c0000000)
  eden space 1324032K, 15% used [0x000000076ab00000,0x00000007774a5f00,0x00000007bb800000)
  from space 36864K, 5% used [0x00000007bdb00000,0x00000007bdce03a0,0x00000007bff00000)
  to   space 35840K, 0% used [0x00000007bb800000,0x00000007bb800000,0x00000007bdb00000)
 ParOldGen       total 175104K, used 60642K [0x00000006c0000000, 0x00000006cab00000, 0x000000076ab00000)
  object space 175104K, 34% used [0x00000006c0000000,0x00000006c3b38918,0x00000006cab00000)
 Metaspace       used 14439K, capacity 15170K, committed 15232K, reserved 1062912K
  class space    used 1703K, capacity 1888K, committed 1920K, reserved 1048576K
GC Heap History (10 events):
Event: 3.930 GC heap before
{Heap before GC invocations=8 (full 0):
 PSYoungGen      total 560128K, used 532404K [0x000000076ab00000, 0x00000007af100000, 0x00000007c0000000)
  eden space 524288K, 100% used [0x000000076ab00000,0x000000078ab00000,0x000000078ab00000)
  from space 35840K, 22% used [0x000000078ab00000,0x000000078b2ed090,0x000000078ce00000)
  to   space 35840K, 0% used [0x00000007ace00000,0x00000007ace00000,0x00000007af100000)
 ParOldGen       total 175104K, used 52557K [0x00000006c0000000, 0x00000006cab00000, 0x000000076ab00000)
  object space 175104K, 30% used [0x00000006c0000000,0x00000006c33534d0,0x00000006cab00000)
 Metaspace       used 13232K, capacity 13864K, committed 14080K, reserved 1060864K
  class space    used 1555K, capacity 1687K, committed 1792K, reserved 1048576K
Event: 3.936 GC heap after
Heap after GC invocations=8 (full 0):
 PSYoungGen      total 1083392K, used 1286K [0x000000076ab00000, 0x00000007af300000, 0x00000007c0000000)
  eden space 1047552K, 0% used [0x000000076ab00000,0x000000076ab00000,0x00000007aaa00000)
  from space 35840K, 3% used [0x00000007ace00000,0x00000007acf41a10,0x00000007af100000)
  to   space 36864K, 0% used [0x00000007aaa00000,0x00000007aaa00000,0x00000007ace00000)
 ParOldGen       total 175104K, used 59173K [0x00000006c0000000, 0x00000006cab00000, 0x000000076ab00000)
  object space 175104K, 33% used [0x00000006c0000000,0x00000006c39c9550,0x00000006cab00000)
 Metaspace       used 13232K, capacity 13864K, committed 14080K, reserved 1060864K
  class space    used 1555K, capacity 1687K, committed 1792K, reserved 1048576K
}
Event: 4.892 GC heap before
{Heap before GC invocations=9 (full 0):
 PSYoungGen      total 1083392K, used 1048838K [0x000000076ab00000, 0x00000007af300000, 0x00000007c0000000)
  eden space 1047552K, 100% used [0x000000076ab00000,0x00000007aaa00000,0x00000007aaa00000)
  from space 35840K, 3% used [0x00000007ace00000,0x00000007acf41a10,0x00000007af100000)
  to   space 36864K, 0% used [0x00000007aaa00000,0x00000007aaa00000,0x00000007ace00000)
 ParOldGen       total 175104K, used 59173K [0x00000006c0000000, 0x00000006cab00000, 0x000000076ab00000)
  object space 175104K, 33% used [0x00000006c0000000,0x00000006c39c9550,0x00000006cab00000)
 Metaspace       used 13255K, capacity 13936K, committed 14080K, reserved 1060864K
  class space    used 1555K, capacity 1687K, committed 1792K, reserved 1048576K
Event: 4.894 GC heap after
Heap after GC invocations=9 (full 0):
 PSYoungGen      total 1084416K, used 410K [0x000000076ab00000, 0x00000007c0000000, 0x00000007c0000000)
  eden space 1047552K, 0% used [0x000000076ab00000,0x000000076ab00000,0x00000007aaa00000)
  from space 36864K, 1% used [0x00000007aaa00000,0x00000007aaa66810,0x00000007ace00000)
  to   space 37376K, 0% used [0x00000007bdb80000,0x00000007bdb80000,0x00000007c0000000)
 ParOldGen       total 175104K, used 60270K [0x00000006c0000000, 0x00000006cab00000, 0x000000076ab00000)
  object space 175104K, 34% used [0x00000006c0000000,0x00000006c3adb8e8,0x00000006cab00000)
 Metaspace       used 13255K, capacity 13936K, committed 14080K, reserved 1060864K
  class space    used 1555K, capacity 1687K, committed 1792K, reserved 1048576K
}
Event: 5.618 GC heap before
{Heap before GC invocations=10 (full 0):
 PSYoungGen      total 1084416K, used 1047962K [0x000000076ab00000, 0x00000007c0000000, 0x00000007c0000000)
  eden space 1047552K, 100% used [0x000000076ab00000,0x00000007aaa00000,0x00000007aaa00000)
  from space 36864K, 1% used [0x00000007aaa00000,0x00000007aaa66810,0x00000007ace00000)
  to   space 37376K, 0% used [0x00000007bdb80000,0x00000007bdb80000,0x00000007c0000000)
 ParOldGen       total 175104K, used 60270K [0x00000006c0000000, 0x00000006cab00000, 0x000000076ab00000)
  object space 175104K, 34% used [0x00000006c0000000,0x00000006c3adb8e8,0x00000006cab00000)
 Metaspace       used 13293K, capacity 13978K, committed 14080K, reserved 1060864K
  class space    used 1559K, capacity 1694K, committed 1792K, reserved 1048576K
Event: 5.618 GC heap after
Heap after GC invocations=10 (full 0):
 PSYoungGen      total 1360384K, used 337K [0x000000076ab00000, 0x00000007c0000000, 0x00000007c0000000)
  eden space 1323008K, 0% used [0x000000076ab00000,0x000000076ab00000,0x00000007bb700000)
  from space 37376K, 0% used [0x00000007bdb80000,0x00000007bdbd4690,0x00000007c0000000)
  to   space 37376K, 0% used [0x00000007bb700000,0x00000007bb700000,0x00000007bdb80000)
 ParOldGen       total 175104K, used 60398K [0x00000006c0000000, 0x00000006cab00000, 0x000000076ab00000)
  object space 175104K, 34% used [0x00000006c0000000,0x00000006c3afb908,0x00000006cab00000)
 Metaspace       used 13293K, capacity 13978K, committed 14080K, reserved 1060864K
  class space    used 1559K, capacity 1694K, committed 1792K, reserved 1048576K
}
Event: 6.675 GC heap before
{Heap before GC invocations=11 (full 0):
 PSYoungGen      total 1360384K, used 1323345K [0x000000076ab00000, 0x00000007c0000000, 0x00000007c0000000)
  eden space 1323008K, 100% used [0x000000076ab00000,0x00000007bb700000,0x00000007bb700000)
  from space 37376K, 0% used [0x00000007bdb80000,0x00000007bdbd4690,0x00000007c0000000)
  to   space 37376K, 0% used [0x00000007bb700000,0x00000007bb700000,0x00000007bdb80000)
 ParOldGen       total 175104K, used 60398K [0x00000006c0000000, 0x00000006cab00000, 0x000000076ab00000)
  object space 175104K, 34% used [0x00000006c0000000,0x00000006c3afb908,0x00000006cab00000)
 Metaspace       used 13524K, capacity 14234K, committed 14336K, reserved 1062912K
  class space    used 1572K, capacity 1694K, committed 1792K, reserved 1048576K
Event: 6.678 GC heap after
Heap after GC invocations=11 (full 0):
 PSYoungGen      total 1323520K, used 224K [0x000000076ab00000, 0x00000007bff00000, 0x00000007c0000000)
  eden space 1323008K, 0% used [0x000000076ab00000,0x000000076ab00000,0x00000007bb700000)
  from space 512K, 43% used [0x00000007bb700000,0x00000007bb738000,0x00000007bb780000)
  to   space 36864K, 0% used [0x00000007bdb00000,0x00000007bdb00000,0x00000007bff00000)
 ParOldGen       total 175104K, used 60514K [0x00000006c0000000, 0x00000006cab00000, 0x000000076ab00000)
  object space 175104K, 34% used [0x00000006c0000000,0x00000006c3b18918,0x00000006cab00000)
 Metaspace       used 13524K, capacity 14234K, committed 14336K, reserved 1062912K
  class space    used 1572K, capacity 1694K, committed 1792K, reserved 1048576K
}
Event: 9.927 GC heap before
{Heap before GC invocations=12 (full 0):
 PSYoungGen      total 1323520K, used 1323232K [0x000000076ab00000, 0x00000007bff00000, 0x00000007c0000000)
  eden space 1323008K, 100% used [0x000000076ab00000,0x00000007bb700000,0x00000007bb700000)
  from space 512K, 43% used [0x00000007bb700000,0x00000007bb738000,0x00000007bb780000)
  to   space 36864K, 0% used [0x00000007bdb00000,0x00000007bdb00000,0x00000007bff00000)
 ParOldGen       total 175104K, used 60514K [0x00000006c0000000, 0x00000006cab00000, 0x000000076ab00000)
  object space 175104K, 34% used [0x00000006c0000000,0x00000006c3b18918,0x00000006cab00000)
 Metaspace       used 14439K, capacity 15170K, committed 15232K, reserved 1062912K
  class space    used 1703K, capacity 1888K, committed 1920K, reserved 1048576K
Event: 9.930 GC heap after
Heap after GC invocations=12 (full 0):
 PSYoungGen      total 1360896K, used 1920K [0x000000076ab00000, 0x00000007c0000000, 0x00000007c0000000)
  eden space 1324032K, 0% used [0x000000076ab00000,0x000000076ab00000,0x00000007bb800000)
  from space 36864K, 5% used [0x00000007bdb00000,0x00000007bdce03a0,0x00000007bff00000)
  to   space 35840K, 0% used [0x00000007bb800000,0x00000007bb800000,0x00000007bdb00000)
 ParOldGen       total 175104K, used 60642K [0x00000006c0000000, 0x00000006cab00000, 0x000000076ab00000)
  object space 175104K, 34% used [0x00000006c0000000,0x00000006c3b38918,0x00000006cab00000)
 Metaspace       used 14439K, capacity 15170K, committed 15232K, reserved 1062912K
  class space    used 1703K, capacity 1888K, committed 1920K, reserved 1048576K
}

